<?xml version="1.0" encoding="UTF-8"?>
<testsuite name="WizardTD.PathfinderTest" tests="2" skipped="0" failures="0" errors="0" timestamp="2023-10-27T08:55:01" hostname="PC-20230508SKGP" time="0.001">
  <properties/>
  <testcase name="testFindstartpoint()" classname="WizardTD.PathfinderTest" time="0.0"/>
  <testcase name="testGenpath()" classname="WizardTD.PathfinderTest" time="0.0"/>
  <system-out><![CDATA[]]></system-out>
  <system-err><![CDATA[]]></system-err>
</testsuite>
